Starting Dapr with id checkout. HTTP Port: 62713. gRPC Port: 62714
Checking if Dapr sidecar is listening on HTTP port 62713
time="2024-06-20T20:36:49.220252+01:00" level=info msg="Starting Dapr Runtime -- version 1.13.2 -- commit f09b193d8ac62bef6c0fd5452a00d2a49cd0d134" app_id=checkout instance=Alices-MBP.offthehook.local scope=dapr.runtime type=log ver=1.13.2
time="2024-06-20T20:36:49.220302+01:00" level=info msg="Log level set to: info" app_id=checkout instance=Alices-MBP.offthehook.local scope=dapr.runtime type=log ver=1.13.2
time="2024-06-20T20:36:49.220402+01:00" level=warning msg="mTLS is disabled. Skipping certificate request and tls validation" app_id=checkout instance=Alices-MBP.offthehook.local scope=dapr.runtime.security type=log ver=1.13.2
time="2024-06-20T20:36:49.220727+01:00" level=warning msg="The default value for 'spec.metric.http.increasedCardinality' will change to 'false' in Dapr 1.14" app_id=checkout instance=Alices-MBP.offthehook.local scope=dapr.runtime type=log ver=1.13.2
time="2024-06-20T20:36:49.22169+01:00" level=info msg="standalone mode configured" app_id=checkout instance=Alices-MBP.offthehook.local scope=dapr.runtime type=log ver=1.13.2
time="2024-06-20T20:36:49.221729+01:00" level=info msg="app id: checkout" app_id=checkout instance=Alices-MBP.offthehook.local scope=dapr.runtime type=log ver=1.13.2
time="2024-06-20T20:36:49.221758+01:00" level=info msg="metrics server started on :62715/" app_id=checkout instance=Alices-MBP.offthehook.local scope=dapr.runtime type=log ver=1.13.2
time="2024-06-20T20:36:49.221834+01:00" level=info msg="Dapr trace sampler initialized: DaprTraceSampler(P=1.000000)" app_id=checkout instance=Alices-MBP.offthehook.local scope=dapr.runtime type=log ver=1.13.2
time="2024-06-20T20:36:49.222264+01:00" level=info msg="local service entry announced: checkout -> 192.168.1.140:62716" app_id=checkout component="nr (mdns/v1)" instance=Alices-MBP.offthehook.local scope=dapr.contrib type=log ver=1.13.2
time="2024-06-20T20:36:49.222307+01:00" level=info msg="Initialized name resolution to mdns" app_id=checkout instance=Alices-MBP.offthehook.local scope=dapr.runtime type=log ver=1.13.2
time="2024-06-20T20:36:49.2224+01:00" level=info msg="Loading components…" app_id=checkout instance=Alices-MBP.offthehook.local scope=dapr.runtime type=log ver=1.13.2
time="2024-06-20T20:36:49.240808+01:00" level=info msg="Component loaded: pubsub (pubsub.redis/v1)" app_id=checkout instance=Alices-MBP.offthehook.local scope=dapr.runtime.processor type=log ver=1.13.2
time="2024-06-20T20:36:49.240932+01:00" level=info msg="Waiting for all outstanding components to be processed…" app_id=checkout instance=Alices-MBP.offthehook.local scope=dapr.runtime type=log ver=1.13.2
time="2024-06-20T20:36:49.251779+01:00" level=info msg="Using 'statestore' as actor state store" app_id=checkout instance=Alices-MBP.offthehook.local scope=dapr.runtime.processor.state type=log ver=1.13.2
time="2024-06-20T20:36:49.251849+01:00" level=info msg="Component loaded: statestore (state.redis/v1)" app_id=checkout instance=Alices-MBP.offthehook.local scope=dapr.runtime.processor type=log ver=1.13.2
time="2024-06-20T20:36:49.251868+01:00" level=info msg="All outstanding components processed" app_id=checkout instance=Alices-MBP.offthehook.local scope=dapr.runtime type=log ver=1.13.2
time="2024-06-20T20:36:49.251888+01:00" level=info msg="Loading endpoints…" app_id=checkout instance=Alices-MBP.offthehook.local scope=dapr.runtime type=log ver=1.13.2
time="2024-06-20T20:36:49.252116+01:00" level=info msg="Waiting for all outstanding http endpoints to be processed…" app_id=checkout instance=Alices-MBP.offthehook.local scope=dapr.runtime type=log ver=1.13.2
time="2024-06-20T20:36:49.252129+01:00" level=info msg="All outstanding http endpoints processed" app_id=checkout instance=Alices-MBP.offthehook.local scope=dapr.runtime type=log ver=1.13.2
time="2024-06-20T20:36:49.252138+01:00" level=warning msg="App channel is not initialized. Did you configure an app-port?" app_id=checkout instance=Alices-MBP.offthehook.local scope=dapr.runtime.channels type=log ver=1.13.2
time="2024-06-20T20:36:49.252228+01:00" level=info msg="gRPC server listening on TCP address: :62714" app_id=checkout instance=Alices-MBP.offthehook.local scope=dapr.runtime.grpc.api type=log ver=1.13.2
time="2024-06-20T20:36:49.25224+01:00" level=info msg="Enabled gRPC tracing middleware" app_id=checkout instance=Alices-MBP.offthehook.local scope=dapr.runtime.grpc.api type=log ver=1.13.2
time="2024-06-20T20:36:49.252246+01:00" level=info msg="Enabled gRPC metrics middleware" app_id=checkout instance=Alices-MBP.offthehook.local scope=dapr.runtime.grpc.api type=log ver=1.13.2
time="2024-06-20T20:36:49.252286+01:00" level=info msg="Registering workflow engine for gRPC endpoint: [::]:62714" app_id=checkout instance=Alices-MBP.offthehook.local scope=dapr.runtime.grpc.api type=log ver=1.13.2
time="2024-06-20T20:36:49.252306+01:00" level=info msg="API gRPC server is running on port 62714" app_id=checkout instance=Alices-MBP.offthehook.local scope=dapr.runtime type=log ver=1.13.2
time="2024-06-20T20:36:49.252347+01:00" level=info msg="Enabled max body size HTTP middleware with size 4 MB" app_id=checkout instance=Alices-MBP.offthehook.local scope=dapr.runtime.http type=log ver=1.13.2
time="2024-06-20T20:36:49.252354+01:00" level=info msg="Enabled tracing HTTP middleware" app_id=checkout instance=Alices-MBP.offthehook.local scope=dapr.runtime.http type=log ver=1.13.2
time="2024-06-20T20:36:49.252359+01:00" level=info msg="Enabled metrics HTTP middleware" app_id=checkout instance=Alices-MBP.offthehook.local scope=dapr.runtime.http type=log ver=1.13.2
time="2024-06-20T20:36:49.252541+01:00" level=info msg="HTTP server listening on TCP address: :62713" app_id=checkout instance=Alices-MBP.offthehook.local scope=dapr.runtime.http type=log ver=1.13.2
time="2024-06-20T20:36:49.252557+01:00" level=info msg="HTTP server is running on port 62713" app_id=checkout instance=Alices-MBP.offthehook.local scope=dapr.runtime type=log ver=1.13.2
time="2024-06-20T20:36:49.252562+01:00" level=info msg="The request body size parameter is: 4" app_id=checkout instance=Alices-MBP.offthehook.local scope=dapr.runtime type=log ver=1.13.2
time="2024-06-20T20:36:49.252584+01:00" level=info msg="gRPC server listening on TCP address: :62716" app_id=checkout instance=Alices-MBP.offthehook.local scope=dapr.runtime.grpc.internal type=log ver=1.13.2
time="2024-06-20T20:36:49.252592+01:00" level=info msg="Enabled gRPC tracing middleware" app_id=checkout instance=Alices-MBP.offthehook.local scope=dapr.runtime.grpc.internal type=log ver=1.13.2
time="2024-06-20T20:36:49.252596+01:00" level=info msg="Enabled gRPC metrics middleware" app_id=checkout instance=Alices-MBP.offthehook.local scope=dapr.runtime.grpc.internal type=log ver=1.13.2
time="2024-06-20T20:36:49.252616+01:00" level=info msg="Internal gRPC server is running on port 62716" app_id=checkout instance=Alices-MBP.offthehook.local scope=dapr.runtime type=log ver=1.13.2
time="2024-06-20T20:36:49.252683+01:00" level=info msg="Configuring actors placement provider 'placement'. Configuration: 'placement:localhost:50005'" app_id=checkout instance=Alices-MBP.offthehook.local scope=dapr.runtime.actor type=log ver=1.13.2
time="2024-06-20T20:36:49.252694+01:00" level=info msg="Configuring actor reminders provider 'default'. Configuration: ''" app_id=checkout instance=Alices-MBP.offthehook.local scope=dapr.runtime.actor type=log ver=1.13.2
time="2024-06-20T20:36:49.252717+01:00" level=info msg="Actor runtime started. Actor idle timeout: 1h0m0s. Actor scan interval: 30s" app_id=checkout instance=Alices-MBP.offthehook.local scope=dapr.runtime.actor type=log ver=1.13.2
time="2024-06-20T20:36:49.252724+01:00" level=info msg="Configuring workflow engine with actors backend" app_id=checkout instance=Alices-MBP.offthehook.local scope=dapr.runtime type=log ver=1.13.2
time="2024-06-20T20:36:49.252729+01:00" level=info msg="Registering component for dapr workflow engine..." app_id=checkout instance=Alices-MBP.offthehook.local scope=dapr.runtime type=log ver=1.13.2
time="2024-06-20T20:36:49.252737+01:00" level=info msg="Initializing Dapr workflow component" app_id=checkout component="dapr (workflow.dapr/v1)" instance=Alices-MBP.offthehook.local scope=dapr.contrib type=log ver=1.13.2
time="2024-06-20T20:36:49.25275+01:00" level=info msg="Workflow engine initialized." app_id=checkout instance=Alices-MBP.offthehook.local scope=dapr.runtime type=log ver=1.13.2
time="2024-06-20T20:36:49.252757+01:00" level=warning msg="app channel not initialized, make sure -app-port is specified if pubsub subscription is required" app_id=checkout instance=Alices-MBP.offthehook.local scope=dapr.runtime.processor.pubsub type=log ver=1.13.2
time="2024-06-20T20:36:49.252768+01:00" level=warning msg="failed to read from bindings: app channel not initialized " app_id=checkout instance=Alices-MBP.offthehook.local scope=dapr.runtime type=log ver=1.13.2
time="2024-06-20T20:36:49.252775+01:00" level=info msg="dapr initialized. Status: Running. Init Elapsed 31ms" app_id=checkout instance=Alices-MBP.offthehook.local scope=dapr.runtime type=log ver=1.13.2
time="2024-06-20T20:36:49.315126+01:00" level=info msg="Placement tables updated, version: 0" app_id=checkout instance=Alices-MBP.offthehook.local scope=dapr.runtime.actors.placement type=log ver=1.13.2
Checking if Dapr sidecar is listening on GRPC port 62714
Dapr sidecar is up and running.
Updating metadata for cliPID: 68136
Updating metadata for app command: java -jar target/CheckoutService-0.0.1-SNAPSHOT.jar
Updating metadata for appPID: 68145
You're up and running! Dapr logs will appear here.

time="2024-06-20T20:36:59.10267+01:00" level=info msg="Received signal 'interrupt'; beginning shutdown" app_id=checkout instance=Alices-MBP.offthehook.local scope=dapr.signals type=log ver=1.13.2

termination signal received: shutting down
Exited Dapr successfully
Exited App successfully
time="2024-06-20T20:36:59.103046+01:00" level=info msg="Shutting down workflow engine" app_id=checkout instance=Alices-MBP.offthehook.local scope=dapr.runtime type=log ver=1.13.2
